[DEBUG] 2009-11-30 11:28:33 :: got D
[DEBUG] 2009-11-30 11:28:33 :: Element: tag2 => ""
[DEBUG] 2009-11-30 11:28:33 :: got E
[DEBUG] 2009-11-30 11:28:33 :: Element: tag2 => ""
[DEBUG] 2009-11-30 11:28:33 :: got F
[DEBUG] 2009-11-30 11:28:33 :: Element: tag2 => ""
[DEBUG] 2009-11-30 11:28:33 :: got <
[DEBUG] 2009-11-30 11:28:33 :: got /
[DEBUG] 2009-11-30 11:28:33 :: Element: tag2 => "", end_tag_candidate => "/"
[DEBUG] 2009-11-30 11:28:33 :: got t
[DEBUG] 2009-11-30 11:28:33 :: Element: tag2 => "", end_tag_candidate => "/t"
[DEBUG] 2009-11-30 11:28:33 :: got a
[DEBUG] 2009-11-30 11:28:33 :: Element: tag2 => "", end_tag_candidate => "/ta"
[DEBUG] 2009-11-30 11:28:33 :: got g
[DEBUG] 2009-11-30 11:28:33 :: Element: tag2 => "", end_tag_candidate => "/tag"
[DEBUG] 2009-11-30 11:28:33 :: got 2
[DEBUG] 2009-11-30 11:28:33 :: Element: tag2 => "", end_tag_candidate => "/tag2"
[DEBUG] 2009-11-30 11:28:33 :: got >
[DEBUG] 2009-11-30 11:28:33 :: expected end tag "/tag2", got "/tag2"
[DEBUG] 2009-11-30 11:28:33 :: ***Element completed: Element: tag2 => "DEF"
