[DEBUG] 2009-11-30 11:28:33 :: n: in_tag: false, curr_tag: 
[DEBUG] 2009-11-30 11:28:33 :: o: in_tag: false, curr_tag: 
[DEBUG] 2009-11-30 11:28:33 :: t: in_tag: false, curr_tag: 
[DEBUG] 2009-11-30 11:28:33 ::  : in_tag: false, curr_tag: 
[DEBUG] 2009-11-30 11:28:33 :: t: in_tag: false, curr_tag: 
[DEBUG] 2009-11-30 11:28:33 :: h: in_tag: false, curr_tag: 
[DEBUG] 2009-11-30 11:28:33 :: e: in_tag: false, curr_tag: 
[DEBUG] 2009-11-30 11:28:33 ::  : in_tag: false, curr_tag: 
[DEBUG] 2009-11-30 11:28:33 :: w: in_tag: false, curr_tag: 
[DEBUG] 2009-11-30 11:28:33 :: o: in_tag: false, curr_tag: 
[DEBUG] 2009-11-30 11:28:33 :: i: in_tag: false, curr_tag: 
[DEBUG] 2009-11-30 11:28:33 :: d: in_tag: false, curr_tag: 
[DEBUG] 2009-11-30 11:28:33 :: s: in_tag: false, curr_tag: 
[DEBUG] 2009-11-30 11:28:33 ::  : in_tag: false, curr_tag: 
[DEBUG] 2009-11-30 11:28:33 :: y: in_tag: false, curr_tag: 
[DEBUG] 2009-11-30 11:28:33 :: e: in_tag: false, curr_tag: 
[DEBUG] 2009-11-30 11:28:33 :: r: in_tag: false, curr_tag: 
[DEBUG] 2009-11-30 11:28:33 ::  : in_tag: false, curr_tag: 
[DEBUG] 2009-11-30 11:28:33 :: l: in_tag: false, curr_tag: 
[DEBUG] 2009-11-30 11:28:33 :: o: in_tag: false, curr_tag: 
[DEBUG] 2009-11-30 11:28:33 :: o: in_tag: false, curr_tag: 
[DEBUG] 2009-11-30 11:28:33 :: k: in_tag: false, curr_tag: 
[DEBUG] 2009-11-30 11:28:33 :: i: in_tag: false, curr_tag: 
[DEBUG] 2009-11-30 11:28:33 :: n: in_tag: false, curr_tag: 
[DEBUG] 2009-11-30 11:28:33 ::  : in_tag: false, curr_tag: 
[DEBUG] 2009-11-30 11:28:33 :: f: in_tag: false, curr_tag: 
[DEBUG] 2009-11-30 11:28:33 :: o: in_tag: false, curr_tag: 
[DEBUG] 2009-11-30 11:28:33 :: r: in_tag: false, curr_tag: 
