[DEBUG] 2009-11-30 11:28:33 :: got A
[DEBUG] 2009-11-30 11:28:33 :: Element: tag1 => ""
[DEBUG] 2009-11-30 11:28:33 :: got B
[DEBUG] 2009-11-30 11:28:33 :: Element: tag1 => ""
[DEBUG] 2009-11-30 11:28:33 :: got C
[DEBUG] 2009-11-30 11:28:33 :: Element: tag1 => ""
[DEBUG] 2009-11-30 11:28:33 :: got <
[DEBUG] 2009-11-30 11:28:33 :: got /
[DEBUG] 2009-11-30 11:28:33 :: Element: tag1 => "", end_tag_candidate => "/"
[DEBUG] 2009-11-30 11:28:33 :: got t
[DEBUG] 2009-11-30 11:28:33 :: Element: tag1 => "", end_tag_candidate => "/t"
[DEBUG] 2009-11-30 11:28:33 :: got a
[DEBUG] 2009-11-30 11:28:33 :: Element: tag1 => "", end_tag_candidate => "/ta"
[DEBUG] 2009-11-30 11:28:33 :: got g
[DEBUG] 2009-11-30 11:28:33 :: Element: tag1 => "", end_tag_candidate => "/tag"
[DEBUG] 2009-11-30 11:28:33 :: got 1
[DEBUG] 2009-11-30 11:28:33 :: Element: tag1 => "", end_tag_candidate => "/tag1"
[DEBUG] 2009-11-30 11:28:33 :: got >
[DEBUG] 2009-11-30 11:28:33 :: expected end tag "/tag1", got "/tag1"
[DEBUG] 2009-11-30 11:28:33 :: ***Element completed: Element: tag1 => "ABC"
[DEBUG] 2009-11-30 11:28:33 :: got  
[DEBUG] 2009-11-30 11:28:33 :: got a
